{"name": "Test Case#2 substraction", "status": "failed", "statusDetails": {"message": "AssertionError: Subtraction failed\nassert (6 - 3) == 2", "trace": "@allure.title(\"Test Case#2 substraction\")\n    @allure.description(\"Verify substraction functionality\")\n    @pytest.mark.smoke\n    def test_subtraction1():\n>       assert 6 - 3 == 2, \"Subtraction failed\"\nE       AssertionError: Subtraction failed\nE       assert (6 - 3) == 2\n\ntest_automation\\test_Ex1.py:19: AssertionError"}, "description": "Verify substraction functionality", "start": 1721974134237, "stop": 1721974134237, "uuid": "202a0d02-d3d9-47ff-805d-539bf05395b1", "historyId": "d58239badb0b472b38539d836cfbd05e", "testCaseId": "d58239badb0b472b38539d836cfbd05e", "fullName": "test_automation.test_Ex1#test_subtraction1", "labels": [{"name": "tag", "value": "smoke"}, {"name": "parentSuite", "value": "test_automation"}, {"name": "suite", "value": "test_Ex1"}, {"name": "host", "value": "DESKTOP-CECPEJJ"}, {"name": "thread", "value": "23136-MainThread"}, {"name": "framework", "value": "pytest"}, {"name": "language", "value": "cpython3"}, {"name": "package", "value": "test_automation.test_Ex1"}]}